<?xml version="1.0" encoding="UTF-8"?>
<testsuite name="Cucumber" time="107.573" tests="1" skipped="0" failures="0" errors="0">
<testcase classname="To validate the Luma E-Commerce Site" name="To validate the Luma site - Example #1.1" time="107.209">
<system-out><![CDATA[
Given User shuold be in HomePage of the Luma E-Commerce Site................passed
When User should click the SignIn and Login using valid "koki.nataraj@gmail.com" and "Sam@2020".passed
And User should click the SignIn Button.....................................passed
And User should Click the link on the homepage..............................passed
And User should add the product in the cart.................................passed
Then User should Take a screenshot of the cart page.........................passed
When User should Empty the cart.............................................passed
Then Take a screenshot of the Empty cart....................................passed
]]></system-out>
</testcase>
</testsuite>
